<?xml version="1.0" encoding="UTF-8"?>
<testng-results ignored="0" total="1" passed="1" failed="0" skipped="0">
  <reporter-output>
  </reporter-output>
  <suite started-at="2021-08-25T19:36:18 IST" name="Default suite" finished-at="2021-08-25T19:37:47 IST" duration-ms="89024">
    <groups>
    </groups>
    <test started-at="2021-08-25T19:36:18 IST" name="Default test" finished-at="2021-08-25T19:37:47 IST" duration-ms="89024">
      <class name="Utility.Actionclass">
        <test-method signature="RightClick()[pri:0, instance:Utility.Actionclass@37654521]" started-at="2021-08-25T19:36:18 IST" name="RightClick" finished-at="2021-08-25T19:37:46 IST" duration-ms="88633" status="PASS">
          <reporter-output>
          </reporter-output>
        </test-method> <!-- RightClick -->
      </class> <!-- Utility.Actionclass -->
    </test> <!-- Default test -->
  </suite> <!-- Default suite -->
</testng-results>
