<?xml version="1.0" encoding="UTF-8"?>
<!-- Generated by org.testng.reporters.JUnitXMLReporter -->
<testsuite ignored="0" hostname="LAPTOP-V9RKDOB0" failures="0" tests="1" name="InternetExprolerTestCases" time="2.162" errors="0" timestamp="2021-08-08T21:20:09 IST">
  <testcase classname="ParllelExecution.BaseTest" name="@BeforeClass LaunchTheApp" time="1.945">
    <failure type="java.lang.IllegalStateException" message="The path to the driver executable must be set by the webdriver.ie.driver system property; for more information, see https://github.com/SeleniumHQ/selenium/wiki/InternetExplorerDriver. The latest version can be downloaded from http://selenium-release.storage.googleapis.com/index.html">
      <![CDATA[java.lang.IllegalStateException: The path to the driver executable must be set by the webdriver.ie.driver system property; for more information, see https://github.com/SeleniumHQ/selenium/wiki/InternetExplorerDriver. The latest version can be downloaded from http://selenium-release.storage.googleapis.com/index.html
at com.google.common.base.Preconditions.checkState(Preconditions.java:847)
at org.openqa.selenium.remote.service.DriverService.findExecutable(DriverService.java:134)
at org.openqa.selenium.ie.InternetExplorerDriverService.access$000(InternetExplorerDriverService.java:35)
at org.openqa.selenium.ie.InternetExplorerDriverService$Builder.findDefaultExecutable(InternetExplorerDriverService.java:175)
at org.openqa.selenium.remote.service.DriverService$Builder.build(DriverService.java:355)
at org.openqa.selenium.ie.InternetExplorerDriver.setupService(InternetExplorerDriver.java:281)
at org.openqa.selenium.ie.InternetExplorerDriver.<init>(InternetExplorerDriver.java:211)
at org.openqa.selenium.ie.InternetExplorerDriver.<init>(InternetExplorerDriver.java:150)
at ParllelExecution.BaseTest.LaunchTheApp(BaseTest.java:79)
at java.base/java.util.ArrayList.forEach(ArrayList.java:1511)
at java.base/java.util.concurrent.FutureTask.run(FutureTask.java:264)
at java.base/java.util.concurrent.ThreadPoolExecutor.runWorker(ThreadPoolExecutor.java:1130)
at java.base/java.util.concurrent.ThreadPoolExecutor$Worker.run(ThreadPoolExecutor.java:630)
at java.base/java.lang.Thread.run(Thread.java:831)
... Removed 16 stack frames]]>
    </failure>
  </testcase> <!-- @BeforeClass LaunchTheApp -->
  <testcase classname="ParllelExecution.BaseTest" name="@BeforeMethod ExtentReports" time="-1.628437809591E9">
    <skipped/>
  </testcase> <!-- @BeforeMethod ExtentReports -->
  <testcase classname="ParllelExecution.BaseTest" name="@AfterMethod tearDown" time="-1.628437809623E9">
    <skipped/>
  </testcase> <!-- @AfterMethod tearDown -->
  <testcase classname="ParllelExecution.LoginScreen" name="OpenSalesForceApplication" time="0.0">
    <skipped/>
  </testcase> <!-- OpenSalesForceApplication -->
</testsuite> <!-- InternetExprolerTestCases -->
